TN:
SF:script/Counter.s.sol
DA:10,0
FN:10,CounterScript.setUp
FNDA:0,CounterScript.setUp
DA:12,0
FN:12,CounterScript.run
FNDA:0,CounterScript.run
DA:13,0
DA:15,0
DA:17,0
FNF:2
FNH:0
LF:5
LH:0
BRF:0
BRH:0
end_of_record
TN:
SF:script/Deploy.s.sol
DA:10,0
FN:10,DeployScript.run
FNDA:0,DeployScript.run
DA:11,0
DA:12,0
DA:13,0
DA:16,0
DA:17,0
DA:20,0
DA:21,0
DA:24,0
DA:25,0
DA:28,0
DA:29,0
DA:32,0
DA:33,0
DA:35,0
DA:37,0
DA:38,0
DA:39,0
DA:40,0
FNF:1
FNH:0
LF:19
LH:0
BRF:0
BRH:0
end_of_record
TN:
SF:src/Counter.sol
DA:7,0
FN:7,Counter.setNumber
FNDA:0,Counter.setNumber
DA:8,0
DA:11,0
FN:11,Counter.increment
FNDA:0,Counter.increment
DA:12,0
FNF:2
FNH:0
LF:4
LH:0
BRF:0
BRH:0
end_of_record
TN:
SF:src/Forwarder.sol
DA:46,5
FN:46,MinimalForwarder.onlyTrustedPaymaster
FNDA:5,MinimalForwarder.onlyTrustedPaymaster
DA:47,5
BRDA:47,0,0,1
BRDA:47,0,1,4
DA:56,30
FN:56,MinimalForwarder.addTrustedPaymaster
FNDA:30,MinimalForwarder.addTrustedPaymaster
DA:57,29
DA:58,29
DA:64,2
FN:64,MinimalForwarder.removeTrustedPaymaster
FNDA:2,MinimalForwarder.removeTrustedPaymaster
DA:65,1
DA:66,1
DA:72,21
FN:72,MinimalForwarder.getNonce
FNDA:21,MinimalForwarder.getNonce
DA:73,21
DA:79,4
FN:79,MinimalForwarder.verify
FNDA:4,MinimalForwarder.verify
DA:80,15
DA:94,14
DA:100,7
FN:100,MinimalForwarder.execute
FNDA:7,MinimalForwarder.execute
DA:106,7
BRDA:106,1,0,-
BRDA:106,1,1,6
DA:108,6
DA:110,6
DA:115,6
BRDA:115,2,0,-
BRDA:115,2,1,6
DA:117,6
DA:123,5
FN:123,MinimalForwarder.executeWithPaymaster
FNDA:5,MinimalForwarder.executeWithPaymaster
DA:130,4
BRDA:130,3,0,-
BRDA:130,3,1,4
DA:132,4
DA:134,4
DA:139,4
BRDA:139,4,0,-
BRDA:139,4,1,4
DA:141,4
DA:147,3
FN:147,MinimalForwarder.isTrustedForwarder
FNDA:3,MinimalForwarder.isTrustedForwarder
DA:148,3
FNF:8
FNH:8
LF:27
LH:27
BRF:10
BRH:6
end_of_record
TN:
SF:src/Paymaster.sol
DA:58,0
FN:58,Paymaster.onlyForwarder
FNDA:0,Paymaster.onlyForwarder
DA:59,0
BRDA:59,0,0,-
BRDA:59,0,1,-
DA:63,25
FN:63,Paymaster.constructor
FNDA:25,Paymaster.constructor
DA:64,25
DA:70,27
FN:70,Paymaster.setSponsoredContract
FNDA:27,Paymaster.setSponsoredContract
DA:71,26
DA:72,26
DA:78,19
FN:78,Paymaster.setWhitelistedToken
FNDA:19,Paymaster.setWhitelistedToken
DA:79,18
DA:80,18
DA:86,2
FN:86,Paymaster.setFeeParameters
FNDA:2,Paymaster.setFeeParameters
DA:87,1
DA:88,1
DA:89,1
DA:95,7
FN:95,Paymaster.depositCredits
FNDA:7,Paymaster.depositCredits
DA:96,7
BRDA:96,1,0,-
BRDA:96,1,1,7
DA:97,7
DA:98,7
DA:104,1
FN:104,Paymaster.withdrawCredits
FNDA:1,Paymaster.withdrawCredits
DA:105,1
BRDA:105,2,0,-
BRDA:105,2,1,1
DA:106,1
DA:107,1
DA:108,1
DA:114,6
FN:114,Paymaster.depositToken
FNDA:6,Paymaster.depositToken
DA:115,6
BRDA:115,3,0,1
BRDA:115,3,1,5
DA:116,5
BRDA:116,4,0,-
BRDA:116,4,1,5
DA:118,5
DA:119,5
DA:120,5
DA:126,2
FN:126,Paymaster.withdrawToken
FNDA:2,Paymaster.withdrawToken
DA:127,2
BRDA:127,5,0,1
BRDA:127,5,1,1
DA:128,1
DA:129,1
DA:130,1
DA:136,4
FN:136,Paymaster.sponsorTransaction
FNDA:4,Paymaster.sponsorTransaction
DA:140,4
BRDA:140,6,0,1
BRDA:140,6,1,3
DA:141,3
BRDA:141,7,0,1
BRDA:141,7,1,2
DA:144,2
DA:145,2
BRDA:145,8,0,1
BRDA:145,8,1,1
DA:147,1
DA:150,1
DA:152,1
DA:153,1
DA:156,1
DA:158,1
DA:164,2
FN:164,Paymaster.sponsorTransactionWithToken
FNDA:2,Paymaster.sponsorTransactionWithToken
DA:170,2
BRDA:170,9,0,-
BRDA:170,9,1,2
DA:171,2
BRDA:171,10,0,-
BRDA:171,10,1,2
DA:172,2
BRDA:172,11,0,-
BRDA:172,11,1,2
DA:174,2
DA:177,2
DA:179,2
DA:182,2
BRDA:182,12,0,1
BRDA:182,12,1,1
DA:183,1
DA:185,1
DA:191,2
FN:191,Paymaster.canAffordTransaction
FNDA:2,Paymaster.canAffordTransaction
DA:192,2
DA:193,2
DA:199,1
FN:199,Paymaster.getEstimatedFee
FNDA:1,Paymaster.getEstimatedFee
DA:200,1
DA:206,2
FN:206,Paymaster.emergencyWithdraw
FNDA:2,Paymaster.emergencyWithdraw
DA:207,1
DA:213,1
FN:213,Paymaster.emergencyWithdrawToken
FNDA:1,Paymaster.emergencyWithdrawToken
DA:214,1
FNF:15
FNH:14
LF:64
LH:62
BRF:26
BRH:18
end_of_record
TN:
SF:src/SampleContract.sol
DA:23,17
FN:23,SampleERC2771Contract.updateBalance
FNDA:17,SampleERC2771Contract.updateBalance
DA:24,17
DA:25,17
DA:26,17
DA:32,8
FN:32,SampleERC2771Contract.setMessage
FNDA:8,SampleERC2771Contract.setMessage
DA:33,8
DA:34,8
DA:35,8
DA:41,17
FN:41,SampleERC2771Contract.getBalance
FNDA:17,SampleERC2771Contract.getBalance
DA:42,17
DA:48,9
FN:48,SampleERC2771Contract.getMessage
FNDA:9,SampleERC2771Contract.getMessage
DA:49,9
DA:62,25
FN:62,SampleERC2771Contract._msgSender
FNDA:25,SampleERC2771Contract._msgSender
DA:63,25
DA:65,0
FN:65,SampleERC2771Contract._msgData
FNDA:0,SampleERC2771Contract._msgData
DA:66,0
DA:68,25
FN:68,SampleERC2771Contract._contextSuffixLength
FNDA:25,SampleERC2771Contract._contextSuffixLength
DA:69,25
FNF:7
FNH:6
LF:18
LH:16
BRF:0
BRH:0
end_of_record
TN:
SF:test/ForwarderTestHelper.sol
DA:9,1
FN:9,ForwarderTestHelper.exposedHashTypedDataV4
FNDA:1,ForwarderTestHelper.exposedHashTypedDataV4
DA:10,1
DA:13,18
FN:13,ForwarderTestHelper.exposedDomainSeparatorV4
FNDA:18,ForwarderTestHelper.exposedDomainSeparatorV4
DA:14,18
FNF:2
FNH:2
LF:4
LH:4
BRF:0
BRH:0
end_of_record
TN:
SF:test/PaymasterComprehensiveTest.t.sol
DA:11,18
FN:11,MockERC20.constructor
FNDA:18,MockERC20.constructor
DA:12,18
DA:15,34
FN:15,MockERC20.mint
FNDA:34,MockERC20.mint
DA:16,34
FNF:2
FNH:2
LF:4
LH:4
BRF:0
BRH:0
end_of_record
